Arguments: 
  /usr/local/bin/node /usr/local/Cellar/yarn/1.22.18/libexec/bin/yarn.js add @solid-primitives

PATH: 
  /usr/local/bin:/usr/bin:/bin:/usr/sbin:/sbin:/Library/Apple/usr/bin:/Users/mike/Library/Android/sdk/emulator:/Users/mike/Library/Android/sdk/platform-tools:/Users/mike/Library/Android/sdk/emulator:/Users/mike/Library/Android/sdk/platform-tools:/Users/mike/Library/Android/sdk/platform-tools:/usr/local/bin:/usr/bin:/bin:/usr/sbin:/sbin:/Library/Apple/usr/bin:/Users/mike/Library/Android/sdk/emulator:/Users/mike/Library/Android/sdk/platform-tools:/Users/mike/Library/Android/sdk/emulator:/Users/mike/Library/Android/sdk/platform-tools

Yarn version: 
  1.22.18

Node version: 
  16.14.2

Platform: 
  darwin x64

Trace: 
  Error: https://registry.yarnpkg.com/@solid-primitives: Request "https://registry.yarnpkg.com/@solid-primitives" returned a 405
      at Request.params.callback [as _callback] (/usr/local/Cellar/yarn/1.22.18/libexec/lib/cli.js:66147:18)
      at Request.self.callback (/usr/local/Cellar/yarn/1.22.18/libexec/lib/cli.js:140883:22)
      at Request.emit (node:events:526:28)
      at Request.<anonymous> (/usr/local/Cellar/yarn/1.22.18/libexec/lib/cli.js:141855:10)
      at Request.emit (node:events:526:28)
      at IncomingMessage.<anonymous> (/usr/local/Cellar/yarn/1.22.18/libexec/lib/cli.js:141777:12)
      at Object.onceWrapper (node:events:645:28)
      at IncomingMessage.emit (node:events:538:35)
      at endReadableNT (node:internal/streams/readable:1345:12)
      at processTicksAndRejections (node:internal/process/task_queues:83:21)

npm manifest: 
  {
    "name": "vite-template-solid",
    "version": "0.0.0",
    "description": "",
    "scripts": {
      "start": "vite",
      "dev": "vite",
      "build": "vite build",
      "serve": "vite preview",
      "formatter": "npx prettier --write ."
    },
    "license": "MIT",
    "devDependencies": {
      "@types/styled-components": "^5.1.25",
      "prettier": "2.7.1",
      "typescript": "^4.7.4",
      "vite": "^3.0.0",
      "vite-plugin-solid": "^2.3.0"
    },
    "dependencies": {
      "@motionone/solid": "^10.13.1",
      "@reduxjs/toolkit": "^1.8.3",
      "@solid-primitives/keyed": "^1.0.0",
      "@solidjs/router": "^0.4.2",
      "babel-preset-solid": "^1.4.6",
      "fast-deep-equal": "^3.1.3",
      "nanoid": "^4.0.0",
      "redux": "^4.2.0",
      "redux-persist": "^6.0.0",
      "redux-saga": "^1.1.3",
      "redux-thunk": "^2.4.1",
      "sass": "^1.54.0",
      "solid-js": "^1.4.7",
      "solid-styled-components": "^0.28.4",
      "styled-components": "^5.3.5",
      "vite-tsconfig-paths": "^3.5.0"
    }
  }

yarn manifest: 
  No manifest

Lockfile: 
  # THIS IS AN AUTOGENERATED FILE. DO NOT EDIT THIS FILE DIRECTLY.
  # yarn lockfile v1
  
  
  "@ampproject/remapping@^2.1.0":
    "integrity" "sha512-qRmjj8nj9qmLTQXXmaR1cck3UXSRMPrbsLJAasZpF+t3riI71BXed5ebIOYwQntykeZuhjsdweEc9BxH5Jc26w=="
    "resolved" "https://registry.npmjs.org/@ampproject/remapping/-/remapping-2.2.0.tgz"
    "version" "2.2.0"
    dependencies:
      "@jridgewell/gen-mapping" "^0.1.0"
      "@jridgewell/trace-mapping" "^0.3.9"
  
  "@babel/code-frame@^7.18.6":
    "integrity" "sha512-TDCmlK5eOvH+eH7cdAFlNXeVJqWIQ7gW9tY1GJIpUtFb6CmjVyq2VM3u71bOyR8CRihcCgMUYoDNyLXao3+70Q=="
    "resolved" "https://registry.npmjs.org/@babel/code-frame/-/code-frame-7.18.6.tgz"
    "version" "7.18.6"
    dependencies:
      "@babel/highlight" "^7.18.6"
  
  "@babel/compat-data@^7.18.8":
    "integrity" "sha512-HSmX4WZPPK3FUxYp7g2T6EyO8j96HlZJlxmKPSh6KAcqwyDrfx7hKjXpAW/0FhFfTJsR0Yt4lAjLI2coMptIHQ=="
    "resolved" "https://registry.npmjs.org/@babel/compat-data/-/compat-data-7.18.8.tgz"
    "version" "7.18.8"
  
  "@babel/core@^7.0.0", "@babel/core@^7.0.0-0", "@babel/core@^7.18.6":
    "integrity" "sha512-1LIb1eL8APMy91/IMW+31ckrfBM4yCoLaVzoDhZUKSM4cu1L1nIidyxkCgzPAgrC5WEz36IPEr/eSeSF9pIn+g=="
    "resolved" "https://registry.npmjs.org/@babel/core/-/core-7.18.9.tgz"
    "version" "7.18.9"
    dependencies:
      "@ampproject/remapping" "^2.1.0"
      "@babel/code-frame" "^7.18.6"
      "@babel/generator" "^7.18.9"
      "@babel/helper-compilation-targets" "^7.18.9"
      "@babel/helper-module-transforms" "^7.18.9"
      "@babel/helpers" "^7.18.9"
      "@babel/parser" "^7.18.9"
      "@babel/template" "^7.18.6"
      "@babel/traverse" "^7.18.9"
      "@babel/types" "^7.18.9"
      "convert-source-map" "^1.7.0"
      "debug" "^4.1.0"
      "gensync" "^1.0.0-beta.2"
      "json5" "^2.2.1"
      "semver" "^6.3.0"
  
  "@babel/generator@^7.18.2", "@babel/generator@^7.18.9":
    "integrity" "sha512-wt5Naw6lJrL1/SGkipMiFxJjtyczUWTP38deiP1PO60HsBjDeKk08CGC3S8iVuvf0FmTdgKwU1KIXzSKL1G0Ug=="
    "resolved" "https://registry.npmjs.org/@babel/generator/-/generator-7.18.9.tgz"
    "version" "7.18.9"
    dependencies:
      "@babel/types" "^7.18.9"
      "@jridgewell/gen-mapping" "^0.3.2"
      "jsesc" "^2.5.1"
  
  "@babel/helper-annotate-as-pure@^7.16.0", "@babel/helper-annotate-as-pure@^7.18.6":
    "integrity" "sha512-duORpUiYrEpzKIop6iNbjnwKLAKnJ47csTyRACyEmWj0QdUrm5aqNJGHSSEQSUAvNW0ojX0dOmK9dZduvkfeXA=="
    "resolved" "https://registry.npmjs.org/@babel/helper-annotate-as-pure/-/helper-annotate-as-pure-7.18.6.tgz"
    "version" "7.18.6"
    dependencies:
      "@babel/types" "^7.18.6"
  
  "@babel/helper-compilation-targets@^7.18.9":
    "integrity" "sha512-tzLCyVmqUiFlcFoAPLA/gL9TeYrF61VLNtb+hvkuVaB5SUjW7jcfrglBIX1vUIoT7CLP3bBlIMeyEsIl2eFQNg=="
    "resolved" "https://registry.npmjs.org/@babel/helper-compilation-targets/-/helper-compilation-targets-7.18.9.tgz"
    "version" "7.18.9"
    dependencies:
      "@babel/compat-data" "^7.18.8"
      "@babel/helper-validator-option" "^7.18.6"
      "browserslist" "^4.20.2"
      "semver" "^6.3.0"
  
  "@babel/helper-create-class-features-plugin@^7.18.6":
    "integrity" "sha512-WvypNAYaVh23QcjpMR24CwZY2Nz6hqdOcFdPbNpV56hL5H6KiFheO7Xm1aPdlLQ7d5emYZX7VZwPp9x3z+2opw=="
    "resolved" "https://registry.npmjs.org/@babel/helper-create-class-features-plugin/-/helper-create-class-features-plugin-7.18.9.tgz"
    "version" "7.18.9"
    dependencies:
      "@babel/helper-annotate-as-pure" "^7.18.6"
      "@babel/helper-environment-visitor" "^7.18.9"
      "@babel/helper-function-name" "^7.18.9"
      "@babel/helper-member-expression-to-functions" "^7.18.9"
      "@babel/helper-optimise-call-expression" "^7.18.6"
      "@babel/helper-replace-supers" "^7.18.9"
      "@babel/helper-split-export-declaration" "^7.18.6"
  
  "@babel/helper-environment-visitor@^7.18.9":
    "integrity" "sha512-3r/aACDJ3fhQ/EVgFy0hpj8oHyHpQc+LPtJoY9SzTThAsStm4Ptegq92vqKoE3vD706ZVFWITnMnxucw+S9Ipg=="
    "resolved" "https://registry.npmjs.org/@babel/helper-environment-visitor/-/helper-environment-visitor-7.18.9.tgz"
    "version" "7.18.9"
  
  "@babel/helper-function-name@^7.18.9":
    "integrity" "sha512-fJgWlZt7nxGksJS9a0XdSaI4XvpExnNIgRP+rVefWh5U7BL8pPuir6SJUmFKRfjWQ51OtWSzwOxhaH/EBWWc0A=="
    "resolved" "https://registry.npmjs.org/@babel/helper-function-name/-/helper-function-name-7.18.9.tgz"
    "version" "7.18.9"
    dependencies:
      "@babel/template" "^7.18.6"
      "@babel/types" "^7.18.9"
  
  "@babel/helper-hoist-variables@^7.18.6":
    "integrity" "sha512-UlJQPkFqFULIcyW5sbzgbkxn2FKRgwWiRexcuaR8RNJRy8+LLveqPjwZV/bwrLZCN0eUHD/x8D0heK1ozuoo6Q=="
    "resolved" "https://registry.npmjs.org/@babel/helper-hoist-variables/-/helper-hoist-variables-7.18.6.tgz"
    "version" "7.18.6"
    dependencies:
      "@babel/types" "^7.18.6"
  
  "@babel/helper-member-expression-to-functions@^7.18.9":
    "integrity" "sha512-RxifAh2ZoVU67PyKIO4AMi1wTenGfMR/O/ae0CCRqwgBAt5v7xjdtRw7UoSbsreKrQn5t7r89eruK/9JjYHuDg=="
    "resolved" "https://registry.npmjs.org/@babel/helper-member-expression-to-functions/-/helper-member-expression-to-functions-7.18.9.tgz"
    "version" "7.18.9"
    dependencies:
      "@babel/types" "^7.18.9"
  
  "@babel/helper-module-imports@^7.0.0", "@babel/helper-module-imports@^7.16.0", "@babel/helper-module-imports@^7.16.7", "@babel/helper-module-imports@^7.18.6":
    "integrity" "sha512-0NFvs3VkuSYbFi1x2Vd6tKrywq+z/cLeYC/RJNFrIX/30Bf5aiGYbtvGXolEktzJH8o5E5KJ3tT+nkxuuZFVlA=="
    "resolved" "https://registry.npmjs.org/@babel/helper-module-imports/-/helper-module-imports-7.18.6.tgz"
    "version" "7.18.6"
    dependencies:
      "@babel/types" "^7.18.6"
  
  "@babel/helper-module-imports@7.16.0":
    "integrity" "sha512-kkH7sWzKPq0xt3H1n+ghb4xEMP8k0U7XV3kkB+ZGy69kDk2ySFW1qPi06sjKzFY3t1j6XbJSqr4mF9L7CYVyhg=="
    "resolved" "https://registry.npmjs.org/@babel/helper-module-imports/-/helper-module-imports-7.16.0.tgz"
    "version" "7.16.0"
    dependencies:
      "@babel/types" "^7.16.0"
  
  "@babel/helper-module-transforms@^7.18.9":
    "integrity" "sha512-KYNqY0ICwfv19b31XzvmI/mfcylOzbLtowkw+mfvGPAQ3kfCnMLYbED3YecL5tPd8nAYFQFAd6JHp2LxZk/J1g=="
    "resolved" "https://registry.npmjs.org/@babel/helper-module-transforms/-/helper-module-transforms-7.18.9.tgz"
    "version" "7.18.9"
    dependencies:
      "@babel/helper-environment-visitor" "^7.18.9"
      "@babel/helper-module-imports" "^7.18.6"
      "@babel/helper-simple-access" "^7.18.6"
      "@babel/helper-split-export-declaration" "^7.18.6"
      "@babel/helper-validator-identifier" "^7.18.6"
      "@babel/template" "^7.18.6"
      "@babel/traverse" "^7.18.9"
      "@babel/types" "^7.18.9"
  
  "@babel/helper-optimise-call-expression@^7.18.6":
    "integrity" "sha512-HP59oD9/fEHQkdcbgFCnbmgH5vIQTJbxh2yf+CdM89/glUNnuzr87Q8GIjGEnOktTROemO0Pe0iPAYbqZuOUiA=="
    "resolved" "https://registry.npmjs.org/@babel/helper-optimise-call-expression/-/helper-optimise-call-expression-7.18.6.tgz"
    "version" "7.18.6"
    dependencies:
      "@babel/types" "^7.18.6"
  
  "@babel/helper-plugin-utils@^7.18.6":
    "integrity" "sha512-aBXPT3bmtLryXaoJLyYPXPlSD4p1ld9aYeR+sJNOZjJJGiOpb+fKfh3NkcCu7J54nUJwCERPBExCCpyCOHnu/w=="
    "resolved" "https://registry.npmjs.org/@babel/helper-plugin-utils/-/helper-plugin-utils-7.18.9.tgz"
    "version" "7.18.9"
  
  "@babel/helper-replace-supers@^7.18.9":
    "integrity" "sha512-dNsWibVI4lNT6HiuOIBr1oyxo40HvIVmbwPUm3XZ7wMh4k2WxrxTqZwSqw/eEmXDS9np0ey5M2bz9tBmO9c+YQ=="
    "resolved" "https://registry.npmjs.org/@babel/helper-replace-supers/-/helper-replace-supers-7.18.9.tgz"
    "version" "7.18.9"
    dependencies:
      "@babel/helper-environment-visitor" "^7.18.9"
      "@babel/helper-member-expression-to-functions" "^7.18.9"
      "@babel/helper-optimise-call-expression" "^7.18.6"
      "@babel/traverse" "^7.18.9"
      "@babel/types" "^7.18.9"
  
  "@babel/helper-simple-access@^7.18.6":
    "integrity" "sha512-iNpIgTgyAvDQpDj76POqg+YEt8fPxx3yaNBg3S30dxNKm2SWfYhD0TGrK/Eu9wHpUW63VQU894TsTg+GLbUa1g=="
    "resolved" "https://registry.npmjs.org/@babel/helper-simple-access/-/helper-simple-access-7.18.6.tgz"
    "version" "7.18.6"
    dependencies:
      "@babel/types" "^7.18.6"
  
  "@babel/helper-split-export-declaration@^7.18.6":
    "integrity" "sha512-bde1etTx6ZyTmobl9LLMMQsaizFVZrquTEHOqKeQESMKo4PlObf+8+JA25ZsIpZhT/WEd39+vOdLXAFG/nELpA=="
    "resolved" "https://registry.npmjs.org/@babel/helper-split-export-declaration/-/helper-split-export-declaration-7.18.6.tgz"
    "version" "7.18.6"
    dependencies:
      "@babel/types" "^7.18.6"
  
  "@babel/helper-validator-identifier@^7.18.6":
    "integrity" "sha512-MmetCkz9ej86nJQV+sFCxoGGrUbU3q02kgLciwkrt9QqEB7cP39oKEY0PakknEO0Gu20SskMRi+AYZ3b1TpN9g=="
    "resolved" "https://registry.npmjs.org/@babel/helper-validator-identifier/-/helper-validator-identifier-7.18.6.tgz"
    "version" "7.18.6"
  
  "@babel/helper-validator-option@^7.18.6":
    "integrity" "sha512-XO7gESt5ouv/LRJdrVjkShckw6STTaB7l9BrpBaAHDeF5YZT+01PCwmR0SJHnkW6i8OwW/EVWRShfi4j2x+KQw=="
    "resolved" "https://registry.npmjs.org/@babel/helper-validator-option/-/helper-validator-option-7.18.6.tgz"
    "version" "7.18.6"
  
  "@babel/helpers@^7.18.9":
    "integrity" "sha512-Jf5a+rbrLoR4eNdUmnFu8cN5eNJT6qdTdOg5IHIzq87WwyRw9PwguLFOWYgktN/60IP4fgDUawJvs7PjQIzELQ=="
    "resolved" "https://registry.npmjs.org/@babel/helpers/-/helpers-7.18.9.tgz"
    "version" "7.18.9"
    dependencies:
      "@babel/template" "^7.18.6"
      "@babel/traverse" "^7.18.9"
      "@babel/types" "^7.18.9"
  
  "@babel/highlight@^7.18.6":
    "integrity" "sha512-u7stbOuYjaPezCuLj29hNW1v64M2Md2qupEKP1fHc7WdOA3DgLh37suiSrZYY7haUB7iBeQZ9P1uiRF359do3g=="
    "resolved" "https://registry.npmjs.org/@babel/highlight/-/highlight-7.18.6.tgz"
    "version" "7.18.6"
    dependencies:
      "@babel/helper-validator-identifier" "^7.18.6"
      "chalk" "^2.0.0"
      "js-tokens" "^4.0.0"
  
  "@babel/parser@^7.18.6", "@babel/parser@^7.18.9":
    "integrity" "sha512-9uJveS9eY9DJ0t64YbIBZICtJy8a5QrDEVdiLCG97fVLpDTpGX7t8mMSb6OWw6Lrnjqj4O8zwjELX3dhoMgiBg=="
    "resolved" "https://registry.npmjs.org/@babel/parser/-/parser-7.18.9.tgz"
    "version" "7.18.9"
  
  "@babel/plugin-syntax-jsx@^7.16.5":
    "integrity" "sha512-6mmljtAedFGTWu2p/8WIORGwy+61PLgOMPOdazc7YoJ9ZCWUyFy3A6CpPkRKLKD1ToAesxX8KGEViAiLo9N+7Q=="
    "resolved" "https://registry.npmjs.org/@babel/plugin-syntax-jsx/-/plugin-syntax-jsx-7.18.6.tgz"
    "version" "7.18.6"
    dependencies:
      "@babel/helper-plugin-utils" "^7.18.6"
  
  "@babel/plugin-syntax-typescript@^7.18.6":
    "integrity" "sha512-mAWAuq4rvOepWCBid55JuRNvpTNf2UGVgoz4JV0fXEKolsVZDzsa4NqCef758WZJj/GDu0gVGItjKFiClTAmZA=="
    "resolved" "https://registry.npmjs.org/@babel/plugin-syntax-typescript/-/plugin-syntax-typescript-7.18.6.tgz"
    "version" "7.18.6"
    dependencies:
      "@babel/helper-plugin-utils" "^7.18.6"
  
  "@babel/plugin-transform-typescript@^7.18.6":
    "integrity" "sha512-p2xM8HI83UObjsZGofMV/EdYjamsDm6MoN3hXPYIT0+gxIoopE+B7rPYKAxfrz9K9PK7JafTTjqYC6qipLExYA=="
    "resolved" "https://registry.npmjs.org/@babel/plugin-transform-typescript/-/plugin-transform-typescript-7.18.8.tgz"
    "version" "7.18.8"
    dependencies:
      "@babel/helper-create-class-features-plugin" "^7.18.6"
      "@babel/helper-plugin-utils" "^7.18.6"
      "@babel/plugin-syntax-typescript" "^7.18.6"
  
  "@babel/preset-typescript@^7.18.6":
    "integrity" "sha512-s9ik86kXBAnD760aybBucdpnLsAt0jK1xqJn2juOn9lkOvSHV60os5hxoVJsPzMQxvnUJFAlkont2DvvaYEBtQ=="
    "resolved" "https://registry.npmjs.org/@babel/preset-typescript/-/preset-typescript-7.18.6.tgz"
    "version" "7.18.6"
    dependencies:
      "@babel/helper-plugin-utils" "^7.18.6"
      "@babel/helper-validator-option" "^7.18.6"
      "@babel/plugin-transform-typescript" "^7.18.6"
  
  "@babel/runtime@^7.6.3", "@babel/runtime@^7.9.2":
    "integrity" "sha512-lkqXDcvlFT5rvEjiu6+QYO+1GXrEHRo2LOtS7E4GtX5ESIZOgepqsZBVIj6Pv+a6zqsya9VCgiK1KAK4BvJDAw=="
    "resolved" "https://registry.npmjs.org/@babel/runtime/-/runtime-7.18.9.tgz"
    "version" "7.18.9"
    dependencies:
      "regenerator-runtime" "^0.13.4"
  
  "@babel/template@^7.18.6":
    "integrity" "sha512-JoDWzPe+wgBsTTgdnIma3iHNFC7YVJoPssVBDjiHfNlyt4YcunDtcDOUmfVDfCK5MfdsaIoX9PkijPhjH3nYUw=="
    "resolved" "https://registry.npmjs.org/@babel/template/-/template-7.18.6.tgz"
    "version" "7.18.6"
    dependencies:
      "@babel/code-frame" "^7.18.6"
      "@babel/parser" "^7.18.6"
      "@babel/types" "^7.18.6"
  
  "@babel/traverse@^7.18.9", "@babel/traverse@^7.4.5":
    "integrity" "sha512-LcPAnujXGwBgv3/WHv01pHtb2tihcyW1XuL9wd7jqh1Z8AQkTd+QVjMrMijrln0T7ED3UXLIy36P9Ao7W75rYg=="
    "resolved" "https://registry.npmjs.org/@babel/traverse/-/traverse-7.18.9.tgz"
    "version" "7.18.9"
    dependencies:
      "@babel/code-frame" "^7.18.6"
      "@babel/generator" "^7.18.9"
      "@babel/helper-environment-visitor" "^7.18.9"
      "@babel/helper-function-name" "^7.18.9"
      "@babel/helper-hoist-variables" "^7.18.6"
      "@babel/helper-split-export-declaration" "^7.18.6"
      "@babel/parser" "^7.18.9"
      "@babel/types" "^7.18.9"
      "debug" "^4.1.0"
      "globals" "^11.1.0"
  
  "@babel/types@^7.16.0", "@babel/types@^7.18.4", "@babel/types@^7.18.6", "@babel/types@^7.18.9":
    "integrity" "sha512-WwMLAg2MvJmt/rKEVQBBhIVffMmnilX4oe0sRe7iPOHIGsqpruFHHdrfj4O1CMMtgMtCU4oPafZjDPCRgO57Wg=="
    "resolved" "https://registry.npmjs.org/@babel/types/-/types-7.18.9.tgz"
    "version" "7.18.9"
    dependencies:
      "@babel/helper-validator-identifier" "^7.18.6"
      "to-fast-properties" "^2.0.0"
  
  "@cush/relative@^1.0.0":
    "integrity" "sha512-RpfLEtTlyIxeNPGKcokS+p3BZII/Q3bYxryFRglh5H3A3T8q9fsLYm72VYAMEOOIBLEa8o93kFLiBDUWKrwXZA=="
    "resolved" "https://registry.npmjs.org/@cush/relative/-/relative-1.0.0.tgz"
    "version" "1.0.0"
  
  "@emotion/is-prop-valid@^1.1.0":
    "integrity" "sha512-RFg04p6C+1uO19uG8N+vqanzKqiM9eeV1LDOG3bmkYmuOj7NbKNlFC/4EZq5gnwAIlcC/jOT24f8Td0iax2SXA=="
    "resolved" "https://registry.npmjs.org/@emotion/is-prop-valid/-/is-prop-valid-1.1.3.tgz"
    "version" "1.1.3"
    dependencies:
      "@emotion/memoize" "^0.7.4"
  
  "@emotion/memoize@^0.7.4":
    "integrity" "sha512-igX9a37DR2ZPGYtV6suZ6whr8pTFtyHL3K/oLUotxpSVO2ASaprmAe2Dkq7tBo7CRY7MMDrAa9nuQP9/YG8FxQ=="
    "resolved" "https://registry.npmjs.org/@emotion/memoize/-/memoize-0.7.5.tgz"
    "version" "0.7.5"
  
  "@emotion/stylis@^0.8.4":
    "integrity" "sha512-h6KtPihKFn3T9fuIrwvXXUOwlx3rfUvfZIcP5a6rh8Y7zjE3O06hT5Ss4S/YI1AYhuZ1kjaE/5EaOOI2NqSylQ=="
    "resolved" "https://registry.npmjs.org/@emotion/stylis/-/stylis-0.8.5.tgz"
    "version" "0.8.5"
  
  "@emotion/unitless@^0.7.4":
    "integrity" "sha512-OWORNpfjMsSSUBVrRBVGECkhWcULOAJz9ZW8uK9qgxD+87M7jHRcvh/A96XXNhXTLmKcoYSQtBEX7lHMO7YRwg=="
    "resolved" "https://registry.npmjs.org/@emotion/unitless/-/unitless-0.7.5.tgz"
    "version" "0.7.5"
  
  "@jridgewell/gen-mapping@^0.1.0":
    "integrity" "sha512-sQXCasFk+U8lWYEe66WxRDOE9PjVz4vSM51fTu3Hw+ClTpUSQb718772vH3pyS5pShp6lvQM7SxgIDXXXmOX7w=="
    "resolved" "https://registry.npmjs.org/@jridgewell/gen-mapping/-/gen-mapping-0.1.1.tgz"
    "version" "0.1.1"
    dependencies:
      "@jridgewell/set-array" "^1.0.0"
      "@jridgewell/sourcemap-codec" "^1.4.10"
  
  "@jridgewell/gen-mapping@^0.3.2":
    "integrity" "sha512-mh65xKQAzI6iBcFzwv28KVWSmCkdRBWoOh+bYQGW3+6OZvbbN3TqMGo5hqYxQniRcH9F2VZIoJCm4pa3BPDK/A=="
    "resolved" "https://registry.npmjs.org/@jridgewell/gen-mapping/-/gen-mapping-0.3.2.tgz"
    "version" "0.3.2"
    dependencies:
      "@jridgewell/set-array" "^1.0.1"
      "@jridgewell/sourcemap-codec" "^1.4.10"
      "@jridgewell/trace-mapping" "^0.3.9"
  
  "@jridgewell/resolve-uri@^3.0.3":
    "integrity" "sha512-F2msla3tad+Mfht5cJq7LSXcdudKTWCVYUgw6pLFOOHSTtZlj6SWNYAp+AhuqLmWdBO2X5hPrLcu8cVP8fy28w=="
    "resolved" "https://registry.npmjs.org/@jridgewell/resolve-uri/-/resolve-uri-3.1.0.tgz"
    "version" "3.1.0"
  
  "@jridgewell/set-array@^1.0.0", "@jridgewell/set-array@^1.0.1":
    "integrity" "sha512-xnkseuNADM0gt2bs+BvhO0p78Mk762YnZdsuzFV018NoG1Sj1SCQvpSqa7XUaTam5vAGasABV9qXASMKnFMwMw=="
    "resolved" "https://registry.npmjs.org/@jridgewell/set-array/-/set-array-1.1.2.tgz"
    "version" "1.1.2"
  
  "@jridgewell/sourcemap-codec@^1.4.10":
    "integrity" "sha512-XPSJHWmi394fuUuzDnGz1wiKqWfo1yXecHQMRf2l6hztTO+nPru658AyDngaBe7isIxEkRsPR3FZh+s7iVa4Uw=="
    "resolved" "https://registry.npmjs.org/@jridgewell/sourcemap-codec/-/sourcemap-codec-1.4.14.tgz"
    "version" "1.4.14"
  
  "@jridgewell/trace-mapping@^0.3.9":
    "integrity" "sha512-bJWEfQ9lPTvm3SneWwRFVLzrh6nhjwqw7TUFFBEMzwvg7t7PCDenf2lDwqo4NQXzdpgBXyFgDWnQA+2vkruksQ=="
    "resolved" "https://registry.npmjs.org/@jridgewell/trace-mapping/-/trace-mapping-0.3.14.tgz"
    "version" "0.3.14"
    dependencies:
      "@jridgewell/resolve-uri" "^3.0.3"
      "@jridgewell/sourcemap-codec" "^1.4.10"
  
  "@motionone/animation@^10.13.1":
    "integrity" "sha512-dxQ+1wWxL6iFHDy1uv6hhcPjIdOg36eDT56jN4LI7Z5HZRyLpq8x1t7JFQclo/IEIb+6Bk4atmyinGFdXVECuA=="
    "resolved" "https://registry.npmjs.org/@motionone/animation/-/animation-10.13.1.tgz"
    "version" "10.13.1"
    dependencies:
      "@motionone/easing" "^10.13.1"
      "@motionone/types" "^10.13.0"
      "@motionone/utils" "^10.13.1"
      "tslib" "^2.3.1"
  
  "@motionone/dom@^10.13.1":
    "integrity" "sha512-zjfX+AGMIt/fIqd/SL1Lj93S6AiJsEA3oc5M9VkUr+Gz+juRmYN1vfvZd6MvEkSqEjwPQgcjN7rGZHrDB9APfQ=="
    "resolved" "https://registry.npmjs.org/@motionone/dom/-/dom-10.13.1.tgz"
    "version" "10.13.1"
    dependencies:
      "@motionone/animation" "^10.13.1"
      "@motionone/generators" "^10.13.1"
      "@motionone/types" "^10.13.0"
      "@motionone/utils" "^10.13.1"
      "hey-listen" "^1.0.8"
      "tslib" "^2.3.1"
  
  "@motionone/easing@^10.13.1":
    "integrity" "sha512-INEsInHHDHVgx0dp5qlXi1lMXBqYicgLMMSn3zfGzaIvcaEbI1Uz8BoyNV4BiclTupG7RYIh+T6BU83ZcEe74g=="
    "resolved" "https://registry.npmjs.org/@motionone/easing/-/easing-10.13.1.tgz"
    "version" "10.13.1"
    dependencies:
      "@motionone/utils" "^10.13.1"
      "tslib" "^2.3.1"
  
  "@motionone/generators@^10.13.1":
    "integrity" "sha512-+HK5u2YcNJCckTTqfOLgSVcrWv2z1dVwrSZEMVJuAh0EnWEWGDJRvMBoPc0cFf/osbkA2Rq9bH2+vP0Ex/D8uw=="
    "resolved" "https://registry.npmjs.org/@motionone/generators/-/generators-10.13.1.tgz"
    "version" "10.13.1"
    dependencies:
      "@motionone/types" "^10.13.0"
      "@motionone/utils" "^10.13.1"
      "tslib" "^2.3.1"
  
  "@motionone/solid@^10.13.1":
    "integrity" "sha512-WDUNiY9kYU053I6d8cE9x5JlJGkMVWgnHkT9qTmi1cKDHqKvERv+ESHqA4jdjtWP0luqp/vyoQ+u0nhPZ8u7DA=="
    "resolved" "https://registry.npmjs.org/@motionone/solid/-/solid-10.13.1.tgz"
    "version" "10.13.1"
    dependencies:
      "@motionone/dom" "^10.13.1"
      "@motionone/utils" "^10.13.1"
      "@solid-primitives/props" "^2.1.1"
      "tslib" "^2.3.1"
  
  "@motionone/types@^10.13.0":
    "integrity" "sha512-qegk4qg8U1N9ZwAJ187BG3TkZz1k9LP/pvNtCSlqdq/PMUDKlCFG4ZnjJ481P0IOH/vIw1OzIbKIuyg0A3rk9g=="
    "resolved" "https://registry.npmjs.org/@motionone/types/-/types-10.13.0.tgz"
    "version" "10.13.0"
  
  "@motionone/utils@^10.13.1":
    "integrity" "sha512-TjDPTIppaf3ofBXQv4ZzAketJgN0sclALXfZ6mfrkjJkOy83mLls9744F+6S+VKCpBmvbZcBY4PQfrfhAfeMtA=="
    "resolved" "https://registry.npmjs.org/@motionone/utils/-/utils-10.13.1.tgz"
    "version" "10.13.1"
    dependencies:
      "@motionone/types" "^10.13.0"
      "hey-listen" "^1.0.8"
      "tslib" "^2.3.1"
  
  "@redux-saga/core@^1.1.3":
    "integrity" "sha512-8tInBftak8TPzE6X13ABmEtRJGjtK17w7VUs7qV17S8hCO5S3+aUTWZ/DBsBJPdE8Z5jOPwYALyvofgq1Ws+kg=="
    "resolved" "https://registry.npmjs.org/@redux-saga/core/-/core-1.1.3.tgz"
    "version" "1.1.3"
    dependencies:
      "@babel/runtime" "^7.6.3"
      "@redux-saga/deferred" "^1.1.2"
      "@redux-saga/delay-p" "^1.1.2"
      "@redux-saga/is" "^1.1.2"
      "@redux-saga/symbols" "^1.1.2"
      "@redux-saga/types" "^1.1.0"
      "redux" "^4.0.4"
      "typescript-tuple" "^2.2.1"
  
  "@redux-saga/deferred@^1.1.2":
    "integrity" "sha512-908rDLHFN2UUzt2jb4uOzj6afpjgJe3MjICaUNO3bvkV/kN/cNeI9PMr8BsFXB/MR8WTAZQq/PlTq8Kww3TBSQ=="
    "resolved" "https://registry.npmjs.org/@redux-saga/deferred/-/deferred-1.1.2.tgz"
    "version" "1.1.2"
  
  "@redux-saga/delay-p@^1.1.2":
    "integrity" "sha512-ojc+1IoC6OP65Ts5+ZHbEYdrohmIw1j9P7HS9MOJezqMYtCDgpkoqB5enAAZrNtnbSL6gVCWPHaoaTY5KeO0/g=="
    "resolved" "https://registry.npmjs.org/@redux-saga/delay-p/-/delay-p-1.1.2.tgz"
    "version" "1.1.2"
    dependencies:
      "@redux-saga/symbols" "^1.1.2"
  
  "@redux-saga/is@^1.1.2":
    "integrity" "sha512-OLbunKVsCVNTKEf2cH4TYyNbbPgvmZ52iaxBD4I1fTif4+MTXMa4/Z07L83zW/hTCXwpSZvXogqMqLfex2Tg6w=="
    "resolved" "https://registry.npmjs.org/@redux-saga/is/-/is-1.1.2.tgz"
    "version" "1.1.2"
    dependencies:
      "@redux-saga/symbols" "^1.1.2"
      "@redux-saga/types" "^1.1.0"
  
  "@redux-saga/symbols@^1.1.2":
    "integrity" "sha512-EfdGnF423glv3uMwLsGAtE6bg+R9MdqlHEzExnfagXPrIiuxwr3bdiAwz3gi+PsrQ3yBlaBpfGLtDG8rf3LgQQ=="
    "resolved" "https://registry.npmjs.org/@redux-saga/symbols/-/symbols-1.1.2.tgz"
    "version" "1.1.2"
  
  "@redux-saga/types@^1.1.0":
    "integrity" "sha512-afmTuJrylUU/0OtqzaRkbyYFFNgCF73Bvel/sw90pvGrWIZ+vyoIJqA6eMSoA6+nb443kTmulmBtC9NerXboNg=="
    "resolved" "https://registry.npmjs.org/@redux-saga/types/-/types-1.1.0.tgz"
    "version" "1.1.0"
  
  "@reduxjs/toolkit@^1.8.3":
    "integrity" "sha512-lU/LDIfORmjBbyDLaqFN2JB9YmAT1BElET9y0ZszwhSBa5Ef3t6o5CrHupw5J1iOXwd+o92QfQZ8OJpwXvsssg=="
    "resolved" "https://registry.npmjs.org/@reduxjs/toolkit/-/toolkit-1.8.3.tgz"
    "version" "1.8.3"
    dependencies:
      "immer" "^9.0.7"
      "redux" "^4.1.2"
      "redux-thunk" "^2.4.1"
      "reselect" "^4.1.5"
  
  "@solid-primitives/keyed@^1.0.0":
    "integrity" "sha512-9vznFq6xR1FLEcQH3S3aGZ3iWOY6EZmDEl0raNOXJxdgXnudHepcAOfx8G52bROHJ3AdPnIqv4ITIegPQOK2BA=="
    "resolved" "https://registry.npmjs.org/@solid-primitives/keyed/-/keyed-1.0.0.tgz"
    "version" "1.0.0"
  
  "@solid-primitives/props@^2.1.1":
    "integrity" "sha512-QET+aNszJXZqRHmzip72lufEKr8j4oEvgu183GWd532NkhmG/TLvKh/q2dr2+H6FIeBuJ2kjquYnrqszHDRbTA=="
    "resolved" "https://registry.npmjs.org/@solid-primitives/props/-/props-2.2.1.tgz"
    "version" "2.2.1"
    dependencies:
      "@solid-primitives/utils" "^3.0.0"
  
  "@solid-primitives/utils@^3.0.0":
    "integrity" "sha512-tQl0z8HG+iJ7eryq5KmRkr9xNk9oU06gOUQ37YKod0N5oPaWEvP+ATzi7Uo7w5L67wjaZuQCt80p9vlm1/J/Mg=="
    "resolved" "https://registry.npmjs.org/@solid-primitives/utils/-/utils-3.0.1.tgz"
    "version" "3.0.1"
  
  "@solidjs/router@^0.4.2":
    "integrity" "sha512-RswymVhqnGVHMCo/01X9wE+u98pzYZQ/b23SgjO/PK+8oTgdY1f83OrsWR1A01LieTySkCSw7nunWTi+VOQyWA=="
    "resolved" "https://registry.npmjs.org/@solidjs/router/-/router-0.4.2.tgz"
    "version" "0.4.2"
  
  "@types/hoist-non-react-statics@*":
    "integrity" "sha512-iMIqiko6ooLrTh1joXodJK5X9xeEALT1kM5G3ZLhD3hszxBdIEd5C75U834D9mLcINgD4OyZf5uQXjkuYydWvA=="
    "resolved" "https://registry.npmjs.org/@types/hoist-non-react-statics/-/hoist-non-react-statics-3.3.1.tgz"
    "version" "3.3.1"
    dependencies:
      "@types/react" "*"
      "hoist-non-react-statics" "^3.3.0"
  
  "@types/prop-types@*":
    "integrity" "sha512-JCB8C6SnDoQf0cNycqd/35A7MjcnK+ZTqE7judS6o7utxUCg6imJg3QK2qzHKszlTjcj2cn+NwMB2i96ubpj7w=="
    "resolved" "https://registry.npmjs.org/@types/prop-types/-/prop-types-15.7.5.tgz"
    "version" "15.7.5"
  
  "@types/react@*":
    "integrity" "sha512-iz3BtLuIYH1uWdsv6wXYdhozhqj20oD4/Hk2DNXIn1kFsmp9x8d9QB6FnPhfkbhd2PgEONt9Q1x/ebkwjfFLow=="
    "resolved" "https://registry.npmjs.org/@types/react/-/react-18.0.15.tgz"
    "version" "18.0.15"
    dependencies:
      "@types/prop-types" "*"
      "@types/scheduler" "*"
      "csstype" "^3.0.2"
  
  "@types/scheduler@*":
    "integrity" "sha512-hppQEBDmlwhFAXKJX2KnWLYu5yMfi91yazPb2l+lbJiwW+wdo1gNeRA+3RgNSO39WYX2euey41KEwnqesU2Jew=="
    "resolved" "https://registry.npmjs.org/@types/scheduler/-/scheduler-0.16.2.tgz"
    "version" "0.16.2"
  
  "@types/styled-components@^5.1.25":
    "integrity" "sha512-fgwl+0Pa8pdkwXRoVPP9JbqF0Ivo9llnmsm+7TCI330kbPIFd9qv1Lrhr37shf4tnxCOSu+/IgqM7uJXLWZZNQ=="
    "resolved" "https://registry.npmjs.org/@types/styled-components/-/styled-components-5.1.25.tgz"
    "version" "5.1.25"
    dependencies:
      "@types/hoist-non-react-statics" "*"
      "@types/react" "*"
      "csstype" "^3.0.2"
  
  "ansi-styles@^3.2.1":
    "integrity" "sha512-VT0ZI6kZRdTh8YyJw3SMbYm/u+NqfsAxEpWO0Pf9sq8/e94WxxOpPKx9FR1FlyCtOVDNOQ+8ntlqFxiRc+r5qA=="
    "resolved" "https://registry.npmjs.org/ansi-styles/-/ansi-styles-3.2.1.tgz"
    "version" "3.2.1"
    dependencies:
      "color-convert" "^1.9.0"
  
  "anymatch@~3.1.2":
    "integrity" "sha512-P43ePfOAIupkguHUycrc4qJ9kz8ZiuOUijaETwX7THt0Y/GNK7v0aa8rY816xWjZ7rJdA5XdMcpVFTKMq+RvWg=="
    "resolved" "https://registry.npmjs.org/anymatch/-/anymatch-3.1.2.tgz"
    "version" "3.1.2"
    dependencies:
      "normalize-path" "^3.0.0"
      "picomatch" "^2.0.4"
  
  "babel-plugin-jsx-dom-expressions@^0.33.14":
    "integrity" "sha512-91T8uEz6Wb42bUm5vxRBawY05fBHiwUxah/xWBimuWpH3nf7E0KJ0Wm/s8R7lxRIZzwGCILv1IBlUCqA50WOVw=="
    "resolved" "https://registry.npmjs.org/babel-plugin-jsx-dom-expressions/-/babel-plugin-jsx-dom-expressions-0.33.14.tgz"
    "version" "0.33.14"
    dependencies:
      "@babel/helper-module-imports" "7.16.0"
      "@babel/plugin-syntax-jsx" "^7.16.5"
      "@babel/types" "^7.16.0"
      "html-entities" "2.3.2"
  
  "babel-plugin-styled-components@>= 1.12.0":
    "integrity" "sha512-i7YhvPgVqRKfoQ66toiZ06jPNA3p6ierpfUuEWxNF+fV27Uv5gxBkf8KZLHUCc1nFA9j6+80pYoIpqCeyW3/bA=="
    "resolved" "https://registry.npmjs.org/babel-plugin-styled-components/-/babel-plugin-styled-components-2.0.7.tgz"
    "version" "2.0.7"
    dependencies:
      "@babel/helper-annotate-as-pure" "^7.16.0"
      "@babel/helper-module-imports" "^7.16.0"
      "babel-plugin-syntax-jsx" "^6.18.0"
      "lodash" "^4.17.11"
      "picomatch" "^2.3.0"
  
  "babel-plugin-syntax-jsx@^6.18.0":
    "integrity" "sha512-qrPaCSo9c8RHNRHIotaufGbuOBN8rtdC4QrrFFc43vyWCCz7Kl7GL1PGaXtMGQZUXrkCjNEgxDfmAuAabr/rlw=="
    "resolved" "https://registry.npmjs.org/babel-plugin-syntax-jsx/-/babel-plugin-syntax-jsx-6.18.0.tgz"
    "version" "6.18.0"
  
  "babel-preset-solid@^1.4.6":
    "integrity" "sha512-Qv1yoE7yIux68egUsUUEV26t7B0KLNyXKz1MTk89GJDc6mt+2s7+lDVr4tXa29PTZ/hXDTu2uLbEN/1OtmFFBg=="
    "resolved" "https://registry.npmjs.org/babel-preset-solid/-/babel-preset-solid-1.4.8.tgz"
    "version" "1.4.8"
    dependencies:
      "babel-plugin-jsx-dom-expressions" "^0.33.14"
  
  "binary-extensions@^2.0.0":
    "integrity" "sha512-jDctJ/IVQbZoJykoeHbhXpOlNBqGNcwXJKJog42E5HDPUwQTSdjCHdihjj0DlnheQ7blbT6dHOafNAiS8ooQKA=="
    "resolved" "https://registry.npmjs.org/binary-extensions/-/binary-extensions-2.2.0.tgz"
    "version" "2.2.0"
  
  "braces@~3.0.2":
    "integrity" "sha512-b8um+L1RzM3WDSzvhm6gIz1yfTbBt6YTlcEKAvsmqCZZFw46z626lVj9j1yEPW33H5H+lBQpZMP1k8l+78Ha0A=="
    "resolved" "https://registry.npmjs.org/braces/-/braces-3.0.2.tgz"
    "version" "3.0.2"
    dependencies:
      "fill-range" "^7.0.1"
  
  "browserslist@^4.20.2", "browserslist@>= 4.21.0":
    "integrity" "sha512-898rgRXLAyRkM1GryrrBHGkqA5hlpkV5MhtZwg9QXeiyLUYs2k00Un05aX5l2/yJIOObYKOpS2JNo8nJDE7fWQ=="
    "resolved" "https://registry.npmjs.org/browserslist/-/browserslist-4.21.3.tgz"
    "version" "4.21.3"
    dependencies:
      "caniuse-lite" "^1.0.30001370"
      "electron-to-chromium" "^1.4.202"
      "node-releases" "^2.0.6"
      "update-browserslist-db" "^1.0.5"
  
  "camelize@^1.0.0":
    "integrity" "sha512-W2lPwkBkMZwFlPCXhIlYgxu+7gC/NUlCtdK652DAJ1JdgV0sTrvuPFshNPrFa1TY2JOkLhgdeEBplB4ezEa+xg=="
    "resolved" "https://registry.npmjs.org/camelize/-/camelize-1.0.0.tgz"
    "version" "1.0.0"
  
  "caniuse-lite@^1.0.30001370":
    "integrity" "sha512-pJYArGHrPp3TUqQzFYRmP/lwJlj8RCbVe3Gd3eJQkAV8SAC6b19XS9BjMvRdvaS8RMkaTN8ZhoHP6S1y8zzwEQ=="
    "resolved" "https://registry.npmjs.org/caniuse-lite/-/caniuse-lite-1.0.30001373.tgz"
    "version" "1.0.30001373"
  
  "chalk@^2.0.0":
    "integrity" "sha512-Mti+f9lpJNcwF4tWV8/OrTTtF1gZi+f8FqlyAdouralcFWFQWF2+NgCHShjkCb+IFBLq9buZwE1xckQU4peSuQ=="
    "resolved" "https://registry.npmjs.org/chalk/-/chalk-2.4.2.tgz"
    "version" "2.4.2"
    dependencies:
      "ansi-styles" "^3.2.1"
      "escape-string-regexp" "^1.0.5"
      "supports-color" "^5.3.0"
  
  "chokidar@>=3.0.0 <4.0.0":
    "integrity" "sha512-Dr3sfKRP6oTcjf2JmUmFJfeVMvXBdegxB0iVQ5eb2V10uFJUCAS8OByZdVAyVb8xXNz3GjjTgj9kLWsZTqE6kw=="
    "resolved" "https://registry.npmjs.org/chokidar/-/chokidar-3.5.3.tgz"
    "version" "3.5.3"
    dependencies:
      "anymatch" "~3.1.2"
      "braces" "~3.0.2"
      "glob-parent" "~5.1.2"
      "is-binary-path" "~2.1.0"
      "is-glob" "~4.0.1"
      "normalize-path" "~3.0.0"
      "readdirp" "~3.6.0"
    optionalDependencies:
      "fsevents" "~2.3.2"
  
  "color-convert@^1.9.0":
    "integrity" "sha512-QfAUtd+vFdAtFQcC8CCyYt1fYWxSqAiK2cSD6zDB8N3cpsEBAvRxp9zOGg6G/SHHJYAT88/az/IuDGALsNVbGg=="
    "resolved" "https://registry.npmjs.org/color-convert/-/color-convert-1.9.3.tgz"
    "version" "1.9.3"
    dependencies:
      "color-name" "1.1.3"
  
  "color-name@1.1.3":
    "integrity" "sha512-72fSenhMw2HZMTVHeCA9KCmpEIbzWiQsjN+BHcBbS9vr1mtt+vJjPdksIBNUmKAW8TFUDPJK5SUU3QhE9NEXDw=="
    "resolved" "https://registry.npmjs.org/color-name/-/color-name-1.1.3.tgz"
    "version" "1.1.3"
  
  "convert-source-map@^1.7.0":
    "integrity" "sha512-+OQdjP49zViI/6i7nIJpA8rAl4sV/JdPfU9nZs3VqOwGIgizICvuN2ru6fMd+4llL0tar18UYJXfZ/TWtmhUjA=="
    "resolved" "https://registry.npmjs.org/convert-source-map/-/convert-source-map-1.8.0.tgz"
    "version" "1.8.0"
    dependencies:
      "safe-buffer" "~5.1.1"
  
  "css-color-keywords@^1.0.0":
    "integrity" "sha512-FyyrDHZKEjXDpNJYvVsV960FiqQyXc/LlYmsxl2BcdMb2WPx0OGRVgTg55rPSyLSNMqP52R9r8geSp7apN3Ofg=="
    "resolved" "https://registry.npmjs.org/css-color-keywords/-/css-color-keywords-1.0.0.tgz"
    "version" "1.0.0"
  
  "css-to-react-native@^3.0.0":
    "integrity" "sha512-Ro1yETZA813eoyUp2GDBhG2j+YggidUmzO1/v9eYBKR2EHVEniE2MI/NqpTQ954BMpTPZFsGNPm46qFB9dpaPQ=="
    "resolved" "https://registry.npmjs.org/css-to-react-native/-/css-to-react-native-3.0.0.tgz"
    "version" "3.0.0"
    dependencies:
      "camelize" "^1.0.0"
      "css-color-keywords" "^1.0.0"
      "postcss-value-parser" "^4.0.2"
  
  "csstype@^3.0.10", "csstype@^3.0.2", "csstype@^3.1.0":
    "integrity" "sha512-uX1KG+x9h5hIJsaKR9xHUeUraxf8IODOwq9JLNPq6BwB04a/xgpq3rcx47l5BZu5zBPlgD342tdke3Hom/nJRA=="
    "resolved" "https://registry.npmjs.org/csstype/-/csstype-3.1.0.tgz"
    "version" "3.1.0"
  
  "debug@^4.1.0", "debug@^4.1.1":
    "integrity" "sha512-PRWFHuSU3eDtQJPvnNY7Jcket1j0t5OuOsFzPPzsekD52Zl8qUfFIPEiswXqIvHWGVHOgX+7G/vCNNhehwxfkQ=="
    "resolved" "https://registry.npmjs.org/debug/-/debug-4.3.4.tgz"
    "version" "4.3.4"
    dependencies:
      "ms" "2.1.2"
  
  "electron-to-chromium@^1.4.202":
    "integrity" "sha512-h+Fadt1gIaQ06JaIiyqPsBjJ08fV5Q7md+V8bUvQW/9OvXfL2LRICTz2EcnnCP7QzrFTS6/27MRV6Bl9Yn97zA=="
    "resolved" "https://registry.npmjs.org/electron-to-chromium/-/electron-to-chromium-1.4.206.tgz"
    "version" "1.4.206"
  
  "esbuild-darwin-64@0.14.51":
    "integrity" "sha512-YFmXPIOvuagDcwCejMRtCDjgPfnDu+bNeh5FU2Ryi68ADDVlWEpbtpAbrtf/lvFTWPexbgyKgzppNgsmLPr8PA=="
    "resolved" "https://registry.npmjs.org/esbuild-darwin-64/-/esbuild-darwin-64-0.14.51.tgz"
    "version" "0.14.51"
  
  "esbuild@^0.14.47":
    "integrity" "sha512-+CvnDitD7Q5sT7F+FM65sWkF8wJRf+j9fPcprxYV4j+ohmzVj2W7caUqH2s5kCaCJAfcAICjSlKhDCcvDpU7nw=="
    "resolved" "https://registry.npmjs.org/esbuild/-/esbuild-0.14.51.tgz"
    "version" "0.14.51"
    optionalDependencies:
      "esbuild-android-64" "0.14.51"
      "esbuild-android-arm64" "0.14.51"
      "esbuild-darwin-64" "0.14.51"
      "esbuild-darwin-arm64" "0.14.51"
      "esbuild-freebsd-64" "0.14.51"
      "esbuild-freebsd-arm64" "0.14.51"
      "esbuild-linux-32" "0.14.51"
      "esbuild-linux-64" "0.14.51"
      "esbuild-linux-arm" "0.14.51"
      "esbuild-linux-arm64" "0.14.51"
      "esbuild-linux-mips64le" "0.14.51"
      "esbuild-linux-ppc64le" "0.14.51"
      "esbuild-linux-riscv64" "0.14.51"
      "esbuild-linux-s390x" "0.14.51"
      "esbuild-netbsd-64" "0.14.51"
      "esbuild-openbsd-64" "0.14.51"
      "esbuild-sunos-64" "0.14.51"
      "esbuild-windows-32" "0.14.51"
      "esbuild-windows-64" "0.14.51"
      "esbuild-windows-arm64" "0.14.51"
  
  "escalade@^3.1.1":
    "integrity" "sha512-k0er2gUkLf8O0zKJiAhmkTnJlTvINGv7ygDNPbeIsX/TJjGJZHuh9B2UxbsaEkmlEo9MfhrSzmhIlhRlI2GXnw=="
    "resolved" "https://registry.npmjs.org/escalade/-/escalade-3.1.1.tgz"
    "version" "3.1.1"
  
  "escape-string-regexp@^1.0.5":
    "integrity" "sha512-vbRorB5FUQWvla16U8R/qgaFIya2qGzwDrNmCZuYKrbdSUMG6I1ZCGQRefkRVhuOkIGVne7BQ35DSfo1qvJqFg=="
    "resolved" "https://registry.npmjs.org/escape-string-regexp/-/escape-string-regexp-1.0.5.tgz"
    "version" "1.0.5"
  
  "fast-deep-equal@^3.1.3":
    "integrity" "sha512-f3qQ9oQy9j2AhBe/H9VC91wLmKBCCU/gDOnKNAYG5hswO7BLKj09Hc5HYNz9cGI++xlpDCIgDaitVs03ATR84Q=="
    "resolved" "https://registry.npmjs.org/fast-deep-equal/-/fast-deep-equal-3.1.3.tgz"
    "version" "3.1.3"
  
  "fill-range@^7.0.1":
    "integrity" "sha512-qOo9F+dMUmC2Lcb4BbVvnKJxTPjCm+RRpe4gDuGrzkL7mEVl/djYSu2OdQ2Pa302N4oqkSg9ir6jaLWJ2USVpQ=="
    "resolved" "https://registry.npmjs.org/fill-range/-/fill-range-7.0.1.tgz"
    "version" "7.0.1"
    dependencies:
      "to-regex-range" "^5.0.1"
  
  "fsevents@~2.3.2":
    "integrity" "sha512-xiqMQR4xAeHTuB9uWm+fFRcIOgKBMiOBP+eXiyT7jsgVCq1bkVygt00oASowB7EdtpOHaaPgKt812P9ab+DDKA=="
    "resolved" "https://registry.npmjs.org/fsevents/-/fsevents-2.3.2.tgz"
    "version" "2.3.2"
  
  "function-bind@^1.1.1":
    "integrity" "sha512-yIovAzMX49sF8Yl58fSCWJ5svSLuaibPxXQJFLmBObTuCr0Mf1KiPopGM9NiFjiYBCbfaa2Fh6breQ6ANVTI0A=="
    "resolved" "https://registry.npmjs.org/function-bind/-/function-bind-1.1.1.tgz"
    "version" "1.1.1"
  
  "gensync@^1.0.0-beta.2":
    "integrity" "sha512-3hN7NaskYvMDLQY55gnW3NQ+mesEAepTqlg+VEbj7zzqEMBVNhzcGYYeqFo/TlYz6eQiFcp1HcsCZO+nGgS8zg=="
    "resolved" "https://registry.npmjs.org/gensync/-/gensync-1.0.0-beta.2.tgz"
    "version" "1.0.0-beta.2"
  
  "glob-parent@~5.1.2":
    "integrity" "sha512-AOIgSQCepiJYwP3ARnGx+5VnTu2HBYdzbGP45eLw1vr3zB3vZLeyed1sC9hnbcOc9/SrMyM5RPQrkGz4aS9Zow=="
    "resolved" "https://registry.npmjs.org/glob-parent/-/glob-parent-5.1.2.tgz"
    "version" "5.1.2"
    dependencies:
      "is-glob" "^4.0.1"
  
  "glob-regex@^0.3.0":
    "integrity" "sha512-m5blUd3/OqDTWwzBBtWBPrGlAzatRywHameHeekAZyZrskYouOGdNB8T/q6JucucvJXtOuyHIn0/Yia7iDasDw=="
    "resolved" "https://registry.npmjs.org/glob-regex/-/glob-regex-0.3.2.tgz"
    "version" "0.3.2"
  
  "globals@^11.1.0":
    "integrity" "sha512-WOBp/EEGUiIsJSp7wcv/y6MO+lV9UoncWqxuFfm8eBwzWNgyfBd6Gz+IeKQ9jCmyhoH99g15M3T+QaVHFjizVA=="
    "resolved" "https://registry.npmjs.org/globals/-/globals-11.12.0.tgz"
    "version" "11.12.0"
  
  "globrex@^0.1.2":
    "integrity" "sha512-uHJgbwAMwNFf5mLst7IWLNg14x1CkeqglJb/K3doi4dw6q2IvAAmM/Y81kevy83wP+Sst+nutFTYOGg3d1lsxg=="
    "resolved" "https://registry.npmjs.org/globrex/-/globrex-0.1.2.tgz"
    "version" "0.1.2"
  
  "goober@^2.1.10":
    "integrity" "sha512-7PpuQMH10jaTWm33sQgBQvz45pHR8N4l3Cu3WMGEWmHShAcTuuP7I+5/DwKo39fwti5A80WAjvqgz6SSlgWmGA=="
    "resolved" "https://registry.npmjs.org/goober/-/goober-2.1.10.tgz"
    "version" "2.1.10"
  
  "has-flag@^3.0.0":
    "integrity" "sha512-sKJf1+ceQBr4SMkvQnBDNDtf4TXpVhVGateu0t918bl30FnbE2m4vNLX+VWe/dpjlb+HugGYzW7uQXH98HPEYw=="
    "resolved" "https://registry.npmjs.org/has-flag/-/has-flag-3.0.0.tgz"
    "version" "3.0.0"
  
  "has@^1.0.3":
    "integrity" "sha512-f2dvO0VU6Oej7RkWJGrehjbzMAjFp5/VKPp5tTpWIV4JHHZK1/BxbFRtf/siA2SWTe09caDmVtYYzWEIbBS4zw=="
    "resolved" "https://registry.npmjs.org/has/-/has-1.0.3.tgz"
    "version" "1.0.3"
    dependencies:
      "function-bind" "^1.1.1"
  
  "hey-listen@^1.0.8":
    "integrity" "sha512-COpmrF2NOg4TBWUJ5UVyaCU2A88wEMkUPK4hNqyCkqHbxT92BbvfjoSozkAIIm6XhicGlJHhFdullInrdhwU8Q=="
    "resolved" "https://registry.npmjs.org/hey-listen/-/hey-listen-1.0.8.tgz"
    "version" "1.0.8"
  
  "hoist-non-react-statics@^3.0.0", "hoist-non-react-statics@^3.3.0":
    "integrity" "sha512-/gGivxi8JPKWNm/W0jSmzcMPpfpPLc3dY/6GxhX2hQ9iGj3aDfklV4ET7NjKpSinLpJ5vafa9iiGIEZg10SfBw=="
    "resolved" "https://registry.npmjs.org/hoist-non-react-statics/-/hoist-non-react-statics-3.3.2.tgz"
    "version" "3.3.2"
    dependencies:
      "react-is" "^16.7.0"
  
  "html-entities@2.3.2":
    "integrity" "sha512-c3Ab/url5ksaT0WyleslpBEthOzWhrjQbg75y7XUsfSzi3Dgzt0l8w5e7DylRn15MTlMMD58dTfzddNS2kcAjQ=="
    "resolved" "https://registry.npmjs.org/html-entities/-/html-entities-2.3.2.tgz"
    "version" "2.3.2"
  
  "immer@^9.0.7":
    "integrity" "sha512-2eB/sswms9AEUSkOm4SbV5Y7Vmt/bKRwByd52jfLkW4OLYeaTP3EEiJ9agqU0O/tq6Dk62Zfj+TJSqfm1rLVGQ=="
    "resolved" "https://registry.npmjs.org/immer/-/immer-9.0.15.tgz"
    "version" "9.0.15"
  
  "immutable@^4.0.0":
    "integrity" "sha512-oNkuqVTA8jqG1Q6c+UglTOD1xhC1BtjKI7XkCXRkZHrN5m18/XsnUp8Q89GkQO/z+0WjonSvl0FLhDYftp46nQ=="
    "resolved" "https://registry.npmjs.org/immutable/-/immutable-4.1.0.tgz"
    "version" "4.1.0"
  
  "is-binary-path@~2.1.0":
    "integrity" "sha512-ZMERYes6pDydyuGidse7OsHxtbI7WVeUEozgR/g7rd0xUimYNlvZRE/K2MgZTjWy725IfelLeVcEM97mmtRGXw=="
    "resolved" "https://registry.npmjs.org/is-binary-path/-/is-binary-path-2.1.0.tgz"
    "version" "2.1.0"
    dependencies:
      "binary-extensions" "^2.0.0"
  
  "is-core-module@^2.9.0":
    "integrity" "sha512-+5FPy5PnwmO3lvfMb0AsoPaBG+5KHUI0wYFXOtYPnVVVspTFUuMZNfNaNVRt3FZadstu2c8x23vykRW/NBoU6A=="
    "resolved" "https://registry.npmjs.org/is-core-module/-/is-core-module-2.9.0.tgz"
    "version" "2.9.0"
    dependencies:
      "has" "^1.0.3"
  
  "is-extglob@^2.1.1":
    "integrity" "sha512-SbKbANkN603Vi4jEZv49LeVJMn4yGwsbzZworEoyEiutsN3nJYdbO36zfhGJ6QEDpOZIFkDtnq5JRxmvl3jsoQ=="
    "resolved" "https://registry.npmjs.org/is-extglob/-/is-extglob-2.1.1.tgz"
    "version" "2.1.1"
  
  "is-glob@^4.0.1", "is-glob@~4.0.1":
    "integrity" "sha512-xelSayHH36ZgE7ZWhli7pW34hNbNl8Ojv5KVmkJD4hBdD3th8Tfk9vYasLM+mXWOZhFkgZfxhLSnrwRr4elSSg=="
    "resolved" "https://registry.npmjs.org/is-glob/-/is-glob-4.0.3.tgz"
    "version" "4.0.3"
    dependencies:
      "is-extglob" "^2.1.1"
  
  "is-number@^7.0.0":
    "integrity" "sha512-41Cifkg6e8TylSpdtTpeLVMqvSBEVzTttHvERD741+pnZ8ANv0004MRL43QKPDlK9cGvNp6NZWZUBlbGXYxxng=="
    "resolved" "https://registry.npmjs.org/is-number/-/is-number-7.0.0.tgz"
    "version" "7.0.0"
  
  "is-what@^4.1.6":
    "integrity" "sha512-DBVOQNiPKnGMxRMLIYSwERAS5MVY1B7xYiGnpgctsOFvVDz9f9PFXXxMcTOHuoqYp4NK9qFYQaIC1NRRxLMpBQ=="
    "resolved" "https://registry.npmjs.org/is-what/-/is-what-4.1.7.tgz"
    "version" "4.1.7"
  
  "js-tokens@^4.0.0":
    "integrity" "sha512-RdJUflcE3cUzKiMqQgsCu06FPu9UdIJO0beYbPhHN4k6apgJtifcoCtT9bcxOpYBtpD2kCM6Sbzg4CausW/PKQ=="
    "resolved" "https://registry.npmjs.org/js-tokens/-/js-tokens-4.0.0.tgz"
    "version" "4.0.0"
  
  "jsesc@^2.5.1":
    "integrity" "sha512-OYu7XEzjkCQ3C5Ps3QIZsQfNpqoJyZZA99wd9aWd05NCtC5pWOkShK2mkL6HXQR6/Cy2lbNdPlZBpuQHXE63gA=="
    "resolved" "https://registry.npmjs.org/jsesc/-/jsesc-2.5.2.tgz"
    "version" "2.5.2"
  
  "json5@^2.2.1":
    "integrity" "sha512-1hqLFMSrGHRHxav9q9gNjJ5EXznIxGVO09xQRrwplcS8qs28pZ8s8hupZAmqDwZUmVZ2Qb2jnyPOWcDH8m8dlA=="
    "resolved" "https://registry.npmjs.org/json5/-/json5-2.2.1.tgz"
    "version" "2.2.1"
  
  "lodash@^4.17.11":
    "integrity" "sha512-v2kDEe57lecTulaDIuNTPy3Ry4gLGJ6Z1O3vE1krgXZNrsQ+LFTGHVxVjcXPs17LhbZVGedAJv8XZ1tvj5FvSg=="
    "resolved" "https://registry.npmjs.org/lodash/-/lodash-4.17.21.tgz"
    "version" "4.17.21"
  
  "merge-anything@^5.0.2":
    "integrity" "sha512-POPQBWkBC0vxdgzRJ2Mkj4+2NTKbvkHo93ih+jGDhNMLzIw+rYKjO7949hOQM2X7DxMHH1uoUkwWFLIzImw7gA=="
    "resolved" "https://registry.npmjs.org/merge-anything/-/merge-anything-5.0.2.tgz"
    "version" "5.0.2"
    dependencies:
      "is-what" "^4.1.6"
      "ts-toolbelt" "^9.6.0"
  
  "minimist@^1.2.6":
    "integrity" "sha512-Jsjnk4bw3YJqYzbdyBiNsPWHPfO++UGG749Cxs6peCu5Xg4nrena6OVxOYxrQTqww0Jmwt+Ref8rggumkTLz9Q=="
    "resolved" "https://registry.npmjs.org/minimist/-/minimist-1.2.6.tgz"
    "version" "1.2.6"
  
  "ms@2.1.2":
    "integrity" "sha512-sGkPx+VjMtmA6MX27oA4FBFELFCZZ4S4XqeGOXCv68tT+jb3vk/RyaKWP0PTKyWtmLSM0b+adUTEvbs1PEaH2w=="
    "resolved" "https://registry.npmjs.org/ms/-/ms-2.1.2.tgz"
    "version" "2.1.2"
  
  "nanoid@^3.3.4":
    "integrity" "sha512-MqBkQh/OHTS2egovRtLk45wEyNXwF+cokD+1YPf9u5VfJiRdAiRwB2froX5Co9Rh20xs4siNPm8naNotSD6RBw=="
    "resolved" "https://registry.npmjs.org/nanoid/-/nanoid-3.3.4.tgz"
    "version" "3.3.4"
  
  "nanoid@^4.0.0":
    "integrity" "sha512-IgBP8piMxe/gf73RTQx7hmnhwz0aaEXYakvqZyE302IXW3HyVNhdNGC+O2MwMAVhLEnvXlvKtGbtJf6wvHihCg=="
    "resolved" "https://registry.npmjs.org/nanoid/-/nanoid-4.0.0.tgz"
    "version" "4.0.0"
  
  "node-releases@^2.0.6":
    "integrity" "sha512-PiVXnNuFm5+iYkLBNeq5211hvO38y63T0i2KKh2KnUs3RpzJ+JtODFjkD8yjLwnDkTYF1eKXheUwdssR+NRZdg=="
    "resolved" "https://registry.npmjs.org/node-releases/-/node-releases-2.0.6.tgz"
    "version" "2.0.6"
  
  "normalize-path@^3.0.0", "normalize-path@~3.0.0":
    "integrity" "sha512-6eZs5Ls3WtCisHWp9S2GUy8dqkpGi4BVSz3GaqiE6ezub0512ESztXUwUB6C6IKbQkY2Pnb/mD4WYojCRwcwLA=="
    "resolved" "https://registry.npmjs.org/normalize-path/-/normalize-path-3.0.0.tgz"
    "version" "3.0.0"
  
  "path-parse@^1.0.7":
    "integrity" "sha512-LDJzPVEEEPR+y48z93A0Ed0yXb8pAByGWo/k5YYdYgpY2/2EsOsksJrq7lOHxryrVOn1ejG6oAp8ahvOIQD8sw=="
    "resolved" "https://registry.npmjs.org/path-parse/-/path-parse-1.0.7.tgz"
    "version" "1.0.7"
  
  "picocolors@^1.0.0":
    "integrity" "sha512-1fygroTLlHu66zi26VoTDv8yRgm0Fccecssto+MhsZ0D/DGW2sm8E8AjW7NU5VVTRt5GxbeZ5qBuJr+HyLYkjQ=="
    "resolved" "https://registry.npmjs.org/picocolors/-/picocolors-1.0.0.tgz"
    "version" "1.0.0"
  
  "picomatch@^2.0.4", "picomatch@^2.2.1", "picomatch@^2.3.0":
    "integrity" "sha512-JU3teHTNjmE2VCGFzuY8EXzCDVwEqB2a8fsIvwaStHhAWJEeVd1o1QD80CU6+ZdEXXSLbSsuLwJjkCBWqRQUVA=="
    "resolved" "https://registry.npmjs.org/picomatch/-/picomatch-2.3.1.tgz"
    "version" "2.3.1"
  
  "postcss-value-parser@^4.0.2":
    "integrity" "sha512-1NNCs6uurfkVbeXG4S8JFT9t19m45ICnif8zWLd5oPSZ50QnwMfK+H3jv408d4jw/7Bttv5axS5IiHoLaVNHeQ=="
    "resolved" "https://registry.npmjs.org/postcss-value-parser/-/postcss-value-parser-4.2.0.tgz"
    "version" "4.2.0"
  
  "postcss@^8.4.14":
    "integrity" "sha512-E398TUmfAYFPBSdzgeieK2Y1+1cpdxJx8yXbK/m57nRhKSmk1GB2tO4lbLBtlkfPQTDKfe4Xqv1ASWPpayPEig=="
    "resolved" "https://registry.npmjs.org/postcss/-/postcss-8.4.14.tgz"
    "version" "8.4.14"
    dependencies:
      "nanoid" "^3.3.4"
      "picocolors" "^1.0.0"
      "source-map-js" "^1.0.2"
  
  "prettier@2.7.1":
    "integrity" "sha512-ujppO+MkdPqoVINuDFDRLClm7D78qbDt0/NR+wp5FqEZOoTNAjPHWj17QRhu7geIHJfcNhRk1XVQmF8Bp3ye+g=="
    "resolved" "https://registry.npmjs.org/prettier/-/prettier-2.7.1.tgz"
    "version" "2.7.1"
  
  "react-is@^16.7.0", "react-is@>= 16.8.0":
    "integrity" "sha512-24e6ynE2H+OKt4kqsOvNd8kBpV65zoxbA4BVsEOB3ARVWQki/DHzaUoC5KuON/BiccDaCCTZBuOcfZs70kR8bQ=="
    "resolved" "https://registry.npmjs.org/react-is/-/react-is-16.13.1.tgz"
    "version" "16.13.1"
  
  "readdirp@~3.6.0":
    "integrity" "sha512-hOS089on8RduqdbhvQ5Z37A0ESjsqz6qnRcffsMU3495FuTdqSm+7bhJ29JvIOsBDEEnan5DPu9t3To9VRlMzA=="
    "resolved" "https://registry.npmjs.org/readdirp/-/readdirp-3.6.0.tgz"
    "version" "3.6.0"
    dependencies:
      "picomatch" "^2.2.1"
  
  "recrawl-sync@^2.0.3":
    "integrity" "sha512-E2sI4F25Fu2nrfV+KsnC7/qfk/spQIYXlonfQoS4rwxeNK5BjxnLPbWiRXHVXPwYBOTWtPX5765kTm/zJiL+LQ=="
    "resolved" "https://registry.npmjs.org/recrawl-sync/-/recrawl-sync-2.2.2.tgz"
    "version" "2.2.2"
    dependencies:
      "@cush/relative" "^1.0.0"
      "glob-regex" "^0.3.0"
      "slash" "^3.0.0"
      "tslib" "^1.9.3"
  
  "redux-persist@^6.0.0":
    "integrity" "sha512-71LLMbUq2r02ng2We9S215LtPu3fY0KgaGE0k8WRgl6RkqxtGfl7HUozz1Dftwsb0D/5mZ8dwAaPbtnzfvbEwQ=="
    "resolved" "https://registry.npmjs.org/redux-persist/-/redux-persist-6.0.0.tgz"
    "version" "6.0.0"
  
  "redux-saga@^1.1.3":
    "integrity" "sha512-RkSn/z0mwaSa5/xH/hQLo8gNf4tlvT18qXDNvedihLcfzh+jMchDgaariQoehCpgRltEm4zHKJyINEz6aqswTw=="
    "resolved" "https://registry.npmjs.org/redux-saga/-/redux-saga-1.1.3.tgz"
    "version" "1.1.3"
    dependencies:
      "@redux-saga/core" "^1.1.3"
  
  "redux-thunk@^2.4.1":
    "integrity" "sha512-OOYGNY5Jy2TWvTL1KgAlVy6dcx3siPJ1wTq741EPyUKfn6W6nChdICjZwCd0p8AZBs5kWpZlbkXW2nE/zjUa+Q=="
    "resolved" "https://registry.npmjs.org/redux-thunk/-/redux-thunk-2.4.1.tgz"
    "version" "2.4.1"
  
  "redux@^4", "redux@^4.0.4", "redux@^4.1.2", "redux@^4.2.0", "redux@>4.0.0":
    "integrity" "sha512-oSBmcKKIuIR4ME29/AeNUnl5L+hvBq7OaJWzaptTQJAntaPvxIJqfnjbaEiCzzaIz+XmVILfqAM3Ob0aXLPfjA=="
    "resolved" "https://registry.npmjs.org/redux/-/redux-4.2.0.tgz"
    "version" "4.2.0"
    dependencies:
      "@babel/runtime" "^7.9.2"
  
  "regenerator-runtime@^0.13.4":
    "integrity" "sha512-p3VT+cOEgxFsRRA9X4lkI1E+k2/CtnKtU4gcxyaCUreilL/vqI6CdZ3wxVUx3UOUg+gnUOQQcRI7BmSI656MYA=="
    "resolved" "https://registry.npmjs.org/regenerator-runtime/-/regenerator-runtime-0.13.9.tgz"
    "version" "0.13.9"
  
  "reselect@^4.1.5":
    "integrity" "sha512-ZovIuXqto7elwnxyXbBtCPo9YFEr3uJqj2rRbcOOog1bmu2Ag85M4hixSwFWyaBMKXNgvPaJ9OSu9SkBPIeJHQ=="
    "resolved" "https://registry.npmjs.org/reselect/-/reselect-4.1.6.tgz"
    "version" "4.1.6"
  
  "resolve@^1.22.1":
    "integrity" "sha512-nBpuuYuY5jFsli/JIs1oldw6fOQCBioohqWZg/2hiaOybXOft4lonv85uDOKXdf8rhyK159cxU5cDcK/NKk8zw=="
    "resolved" "https://registry.npmjs.org/resolve/-/resolve-1.22.1.tgz"
    "version" "1.22.1"
    dependencies:
      "is-core-module" "^2.9.0"
      "path-parse" "^1.0.7"
      "supports-preserve-symlinks-flag" "^1.0.0"
  
  "rollup@^2.75.6":
    "integrity" "sha512-m/4YzYgLcpMQbxX3NmAqDvwLATZzxt8bIegO78FZLl+lAgKJBd1DRAOeEiZcKOIOPjxE6ewHWHNgGEalFXuz1g=="
    "resolved" "https://registry.npmjs.org/rollup/-/rollup-2.77.2.tgz"
    "version" "2.77.2"
    optionalDependencies:
      "fsevents" "~2.3.2"
  
  "safe-buffer@~5.1.1":
    "integrity" "sha512-Gd2UZBJDkXlY7GbJxfsE8/nvKkUEU1G38c1siN6QP6a9PT9MmHB8GnpscSmMJSoF8LOIrt8ud/wPtojys4G6+g=="
    "resolved" "https://registry.npmjs.org/safe-buffer/-/safe-buffer-5.1.2.tgz"
    "version" "5.1.2"
  
  "sass@*", "sass@^1.54.0":
    "integrity" "sha512-C4zp79GCXZfK0yoHZg+GxF818/aclhp9F48XBu/+bm9vXEVAYov9iU3FBVRMq3Hx3OA4jfKL+p2K9180mEh0xQ=="
    "resolved" "https://registry.npmjs.org/sass/-/sass-1.54.0.tgz"
    "version" "1.54.0"
    dependencies:
      "chokidar" ">=3.0.0 <4.0.0"
      "immutable" "^4.0.0"
      "source-map-js" ">=0.6.2 <2.0.0"
  
  "semver@^6.3.0":
    "integrity" "sha512-b39TBaTSfV6yBrapU89p5fKekE2m/NwnDocOVruQFS1/veMgdzuPcnOM34M6CwxW8jH/lxEa5rBoDeUwu5HHTw=="
    "resolved" "https://registry.npmjs.org/semver/-/semver-6.3.0.tgz"
    "version" "6.3.0"
  
  "shallowequal@^1.1.0":
    "integrity" "sha512-y0m1JoUZSlPAjXVtPPW70aZWfIL/dSP7AFkRnniLCrK/8MDKog3TySTBmckD+RObVxH0v4Tox67+F14PdED2oQ=="
    "resolved" "https://registry.npmjs.org/shallowequal/-/shallowequal-1.1.0.tgz"
    "version" "1.1.0"
  
  "slash@^3.0.0":
    "integrity" "sha512-g9Q1haeby36OSStwb4ntCGGGaKsaVSjQ68fBxoQcutl5fS1vuY18H3wSt3jFyFtrkx+Kz0V1G85A4MyAdDMi2Q=="
    "resolved" "https://registry.npmjs.org/slash/-/slash-3.0.0.tgz"
    "version" "3.0.0"
  
  "solid-js@^1.3", "solid-js@^1.3.0", "solid-js@^1.3.17", "solid-js@^1.3.5", "solid-js@^1.4.0", "solid-js@^1.4.1", "solid-js@^1.4.4", "solid-js@^1.4.7":
    "integrity" "sha512-XErZdnnYYXF7OwGSUAPcua2y5/ELB/c53zFCpWiEGqxTNoH1iQghzI8EsHJXk06sNn+Z/TGhb8bPDNNGSgimag=="
    "resolved" "https://registry.npmjs.org/solid-js/-/solid-js-1.4.8.tgz"
    "version" "1.4.8"
  
  "solid-refresh@^0.4.1":
    "integrity" "sha512-v3tD/OXQcUyXLrWjPW1dXZyeWwP7/+GQNs8YTL09GBq+5FguA6IejJWUvJDrLIA4M0ho9/5zK2e9n+uy+4488g=="
    "resolved" "https://registry.npmjs.org/solid-refresh/-/solid-refresh-0.4.1.tgz"
    "version" "0.4.1"
    dependencies:
      "@babel/generator" "^7.18.2"
      "@babel/helper-module-imports" "^7.16.7"
      "@babel/types" "^7.18.4"
  
  "solid-styled-components@^0.28.4":
    "integrity" "sha512-SGbXv5tLIs1qErr3x7M+HWE4lu+37C4myV8gbce7WnZumjBmM5sifKv/NulVeSf3nMRa3uwkAM14q7QmLGC2gQ=="
    "resolved" "https://registry.npmjs.org/solid-styled-components/-/solid-styled-components-0.28.4.tgz"
    "version" "0.28.4"
    dependencies:
      "csstype" "^3.1.0"
      "goober" "^2.1.10"
  
  "source-map-js@^1.0.2", "source-map-js@>=0.6.2 <2.0.0":
    "integrity" "sha512-R0XvVJ9WusLiqTCEiGCmICCMplcCkIwwR11mOSD9CR5u+IXYdiseeEuXCVAjS54zqwkLcPNnmU4OeJ6tUrWhDw=="
    "resolved" "https://registry.npmjs.org/source-map-js/-/source-map-js-1.0.2.tgz"
    "version" "1.0.2"
  
  "strip-bom@^3.0.0":
    "integrity" "sha512-vavAMRXOgBVNF6nyEEmL3DBK19iRpDcoIwW+swQ+CbGiu7lju6t+JklA1MHweoWtadgt4ISVUsXLyDq34ddcwA=="
    "resolved" "https://registry.npmjs.org/strip-bom/-/strip-bom-3.0.0.tgz"
    "version" "3.0.0"
  
  "styled-components@^5.3.5", "styled-components@>= 2":
    "integrity" "sha512-ndETJ9RKaaL6q41B69WudeqLzOpY1A/ET/glXkNZ2T7dPjPqpPCXXQjDFYZWwNnE5co0wX+gTCqx9mfxTmSIPg=="
    "resolved" "https://registry.npmjs.org/styled-components/-/styled-components-5.3.5.tgz"
    "version" "5.3.5"
    dependencies:
      "@babel/helper-module-imports" "^7.0.0"
      "@babel/traverse" "^7.4.5"
      "@emotion/is-prop-valid" "^1.1.0"
      "@emotion/stylis" "^0.8.4"
      "@emotion/unitless" "^0.7.4"
      "babel-plugin-styled-components" ">= 1.12.0"
      "css-to-react-native" "^3.0.0"
      "hoist-non-react-statics" "^3.0.0"
      "shallowequal" "^1.1.0"
      "supports-color" "^5.5.0"
  
  "supports-color@^5.3.0", "supports-color@^5.5.0":
    "integrity" "sha512-QjVjwdXIt408MIiAqCX4oUKsgU2EqAGzs2Ppkm4aQYbjm+ZEWEcW4SfFNTr4uMNZma0ey4f5lgLrkB0aX0QMow=="
    "resolved" "https://registry.npmjs.org/supports-color/-/supports-color-5.5.0.tgz"
    "version" "5.5.0"
    dependencies:
      "has-flag" "^3.0.0"
  
  "supports-preserve-symlinks-flag@^1.0.0":
    "integrity" "sha512-ot0WnXS9fgdkgIcePe6RHNk1WA8+muPa6cSjeR3V8K27q9BB1rTE3R1p7Hv0z1ZyAc8s6Vvv8DIyWf681MAt0w=="
    "resolved" "https://registry.npmjs.org/supports-preserve-symlinks-flag/-/supports-preserve-symlinks-flag-1.0.0.tgz"
    "version" "1.0.0"
  
  "to-fast-properties@^2.0.0":
    "integrity" "sha512-/OaKK0xYrs3DmxRYqL/yDc+FxFUVYhDlXMhRmv3z915w2HF1tnN1omB354j8VUGO/hbRzyD6Y3sA7v7GS/ceog=="
    "resolved" "https://registry.npmjs.org/to-fast-properties/-/to-fast-properties-2.0.0.tgz"
    "version" "2.0.0"
  
  "to-regex-range@^5.0.1":
    "integrity" "sha512-65P7iz6X5yEr1cwcgvQxbbIw7Uk3gOy5dIdtZ4rDveLqhrdJP+Li/Hx6tyK0NEb+2GCyneCMJiGqrADCSNk8sQ=="
    "resolved" "https://registry.npmjs.org/to-regex-range/-/to-regex-range-5.0.1.tgz"
    "version" "5.0.1"
    dependencies:
      "is-number" "^7.0.0"
  
  "ts-toolbelt@^9.6.0":
    "integrity" "sha512-nsZd8ZeNUzukXPlJmTBwUAuABDe/9qtVDelJeT/qW0ow3ZS3BsQJtNkan1802aM9Uf68/Y8ljw86Hu0h5IUW3w=="
    "resolved" "https://registry.npmjs.org/ts-toolbelt/-/ts-toolbelt-9.6.0.tgz"
    "version" "9.6.0"
  
  "tsconfig-paths@^4.0.0":
    "integrity" "sha512-AHx4Euop/dXFC+Vx589alFba8QItjF+8hf8LtmuiCwHyI4rHXQtOOENaM8kvYf5fR0dRChy3wzWIZ9WbB7FWow=="
    "resolved" "https://registry.npmjs.org/tsconfig-paths/-/tsconfig-paths-4.1.0.tgz"
    "version" "4.1.0"
    dependencies:
      "json5" "^2.2.1"
      "minimist" "^1.2.6"
      "strip-bom" "^3.0.0"
  
  "tslib@^1.9.3":
    "integrity" "sha512-Xni35NKzjgMrwevysHTCArtLDpPvye8zV/0E4EyYn43P7/7qvQwPh9BGkHewbMulVntbigmcT7rdX3BNo9wRJg=="
    "resolved" "https://registry.npmjs.org/tslib/-/tslib-1.14.1.tgz"
    "version" "1.14.1"
  
  "tslib@^2.3.1":
    "integrity" "sha512-d6xOpEDfsi2CZVlPQzGeux8XMwLT9hssAsaPYExaQMuYskwb+x1x7J371tWlbBdWHroy99KnVB6qIkUbs5X3UQ=="
    "resolved" "https://registry.npmjs.org/tslib/-/tslib-2.4.0.tgz"
    "version" "2.4.0"
  
  "typescript-compare@^0.0.2":
    "integrity" "sha512-8ja4j7pMHkfLJQO2/8tut7ub+J3Lw2S3061eJLFQcvs3tsmJKp8KG5NtpLn7KcY2w08edF74BSVN7qJS0U6oHA=="
    "resolved" "https://registry.npmjs.org/typescript-compare/-/typescript-compare-0.0.2.tgz"
    "version" "0.0.2"
    dependencies:
      "typescript-logic" "^0.0.0"
  
  "typescript-logic@^0.0.0":
    "integrity" "sha512-zXFars5LUkI3zP492ls0VskH3TtdeHCqu0i7/duGt60i5IGPIpAHE/DWo5FqJ6EjQ15YKXrt+AETjv60Dat34Q=="
    "resolved" "https://registry.npmjs.org/typescript-logic/-/typescript-logic-0.0.0.tgz"
    "version" "0.0.0"
  
  "typescript-tuple@^2.2.1":
    "integrity" "sha512-Zcr0lbt8z5ZdEzERHAMAniTiIKerFCMgd7yjq1fPnDJ43et/k9twIFQMUYff9k5oXcsQ0WpvFcgzK2ZKASoW6Q=="
    "resolved" "https://registry.npmjs.org/typescript-tuple/-/typescript-tuple-2.2.1.tgz"
    "version" "2.2.1"
    dependencies:
      "typescript-compare" "^0.0.2"
  
  "typescript@^4.7.4":
    "integrity" "sha512-C0WQT0gezHuw6AdY1M2jxUO83Rjf0HP7Sk1DtXj6j1EwkQNZrHAg2XPWlq62oqEhYvONq5pkC2Y9oPljWToLmQ=="
    "resolved" "https://registry.npmjs.org/typescript/-/typescript-4.7.4.tgz"
    "version" "4.7.4"
  
  "update-browserslist-db@^1.0.5":
    "integrity" "sha512-dteFFpCyvuDdr9S/ff1ISkKt/9YZxKjI9WlRR99c180GaztJtRa/fn18FdxGVKVsnPY7/a/FDN68mcvUmP4U7Q=="
    "resolved" "https://registry.npmjs.org/update-browserslist-db/-/update-browserslist-db-1.0.5.tgz"
    "version" "1.0.5"
    dependencies:
      "escalade" "^3.1.1"
      "picocolors" "^1.0.0"
  
  "vite-plugin-solid@^2.3.0":
    "integrity" "sha512-N2sa54C3UZC2nN5vpj5o6YP+XdIAZW6n6xv8OasxNAcAJPFeZT7EOVvumL0V4c8hBz1yuYniMWdESY8807fVSg=="
    "resolved" "https://registry.npmjs.org/vite-plugin-solid/-/vite-plugin-solid-2.3.0.tgz"
    "version" "2.3.0"
    dependencies:
      "@babel/core" "^7.18.6"
      "@babel/preset-typescript" "^7.18.6"
      "babel-preset-solid" "^1.4.6"
      "merge-anything" "^5.0.2"
      "solid-refresh" "^0.4.1"
  
  "vite-tsconfig-paths@^3.5.0":
    "integrity" "sha512-NKIubr7gXgh/3uniQaOytSg+aKWPrjquP6anAy+zCWEn6h9fB8z2/qdlfQrTgZWaXJ2pHVlllrSdRZltHn9P4g=="
    "resolved" "https://registry.npmjs.org/vite-tsconfig-paths/-/vite-tsconfig-paths-3.5.0.tgz"
    "version" "3.5.0"
    dependencies:
      "debug" "^4.1.1"
      "globrex" "^0.1.2"
      "recrawl-sync" "^2.0.3"
      "tsconfig-paths" "^4.0.0"
  
  "vite@^3.0.0", "vite@>2.0.0-0":
    "integrity" "sha512-NU304nqnBeOx2MkQnskBQxVsa0pRAH5FphokTGmyy8M3oxbvw7qAXts2GORxs+h/2vKsD+osMhZ7An6yK6F1dA=="
    "resolved" "https://registry.npmjs.org/vite/-/vite-3.0.4.tgz"
    "version" "3.0.4"
    dependencies:
      "esbuild" "^0.14.47"
      "postcss" "^8.4.14"
      "resolve" "^1.22.1"
      "rollup" "^2.75.6"
    optionalDependencies:
      "fsevents" "~2.3.2"
